c:\users\harle\source\repos\freakyfierqt\freakyfierqt\x64\debug\vc143.pdb
c:\users\harle\source\repos\freakyfierqt\freakyfierqt\x64\debug\qrc_freakyfierqt.obj
c:\users\harle\source\repos\freakyfierqt\freakyfierqt\x64\debug\freakyfierqt.obj
c:\users\harle\source\repos\freakyfierqt\freakyfierqt\x64\debug\main.obj
c:\users\harle\source\repos\freakyfierqt\freakyfierqt\x64\debug\moc_freakyfierqt.obj
c:\users\harle\source\repos\freakyfierqt\freakyfierqt\x64\debug\qt\uic\ui_freakyfierqt.h
c:\users\harle\source\repos\freakyfierqt\freakyfierqt\x64\debug\qt\rcc\qrc_freakyfierqt.cpp
c:\users\harle\source\repos\freakyfierqt\freakyfierqt\x64\debug\qt\moc\moc_freakyfierqt.cpp
c:\users\harle\source\repos\freakyfierqt\x64\debug\freakyfierqt.exe
c:\users\harle\source\repos\freakyfierqt\freakyfierqt\x64\debug\freakyfierqt.ipdb
c:\users\harle\source\repos\freakyfierqt\freakyfierqt\x64\debug\freakyfierqt.iobj
c:\users\harle\source\repos\freakyfierqt\freakyfierqt\x64\debug\freakyfierqt.tlog\cl.command.1.tlog
c:\users\harle\source\repos\freakyfierqt\freakyfierqt\x64\debug\freakyfierqt.tlog\cl.items.tlog
c:\users\harle\source\repos\freakyfierqt\freakyfierqt\x64\debug\freakyfierqt.tlog\cl.read.1.tlog
c:\users\harle\source\repos\freakyfierqt\freakyfierqt\x64\debug\freakyfierqt.tlog\cl.write.1.tlog
c:\users\harle\source\repos\freakyfierqt\freakyfierqt\x64\debug\freakyfierqt.tlog\freakyfierqt.write.1u.tlog
c:\users\harle\source\repos\freakyfierqt\freakyfierqt\x64\debug\freakyfierqt.tlog\link.command.1.tlog
c:\users\harle\source\repos\freakyfierqt\freakyfierqt\x64\debug\freakyfierqt.tlog\link.read.1.tlog
c:\users\harle\source\repos\freakyfierqt\freakyfierqt\x64\debug\freakyfierqt.tlog\link.secondary.1.tlog
c:\users\harle\source\repos\freakyfierqt\freakyfierqt\x64\debug\freakyfierqt.tlog\link.write.1.tlog
c:\users\harle\source\repos\freakyfierqt\freakyfierqt\x64\debug\freakyfierqt.tlog\moc.read.1u.tlog
c:\users\harle\source\repos\freakyfierqt\freakyfierqt\x64\debug\freakyfierqt.tlog\moc.write.1u.tlog
c:\users\harle\source\repos\freakyfierqt\freakyfierqt\x64\debug\freakyfierqt.tlog\rcc.read.1u.tlog
c:\users\harle\source\repos\freakyfierqt\freakyfierqt\x64\debug\freakyfierqt.tlog\rcc.write.1u.tlog
c:\users\harle\source\repos\freakyfierqt\freakyfierqt\x64\debug\freakyfierqt.tlog\uic.read.1u.tlog
c:\users\harle\source\repos\freakyfierqt\freakyfierqt\x64\debug\freakyfierqt.tlog\uic.write.1u.tlog
